mktextfm SimSun/OT
mktextfm SimSun/OT
mktextfm SimSun/OT
mktextfm SimSun/BI/OT
mktextfm SimSun/OT
mktextfm SimSun/B/OT
mktextfm SimSun/OT
mktextfm SimSun/I/OT
mktextfm SimSun/OT
mktextfm SimSun/OT
mktextfm SimSun/OT
mktextfm FandolSong/OT
mktextfm FandolSong/OT
mktextfm FandolSong/OT
mktextfm FandolSong/BI/OT
mktextfm FandolSong-Regular/OT
mktextfm FandolSong-Regular/OT
mktextfm FandolSong-Regular/OT
mktextfm FandolSong-Regular/OT
mktextfm FandolSong-Regular/OT
mktextfm FandolSong-Regular/OT
mktextfm FandolSong-Regular/OT
mktextfm FandolSong-Regular/BI/OT
mktextfm FandolSong-Regular/OT
mktextfm FandolSong-Regular/B/OT
